<?xml version="1.0" encoding="UTF-8"?>
<testsuite xmlns:xsi="http://www.w3.org/2001/XMLSchema-instance" xsi:noNamespaceSchemaLocation="https://maven.apache.org/surefire/maven-surefire-plugin/xsd/surefire-test-report.xsd" name="mflix.api.daos.MigrationTest" time="15.445" tests="2" errors="0" skipped="0" failures="2">
  <properties>
    <property name="sun.desktop" value="gnome"/>
    <property name="awt.toolkit" value="sun.awt.X11.XToolkit"/>
    <property name="java.specification.version" value="11"/>
    <property name="sun.cpu.isalist" value=""/>
    <property name="sun.jnu.encoding" value="UTF-8"/>
    <property name="java.class.path" value="/root/IdeaProjects/MongoDB/mflix-java/mflix/target/test-classes:/root/IdeaProjects/MongoDB/mflix-java/mflix/target/classes:/root/.m2/repository/org/springframework/boot/spring-boot-starter-web/2.0.3.RELEASE/spring-boot-starter-web-2.0.3.RELEASE.jar:/root/.m2/repository/org/springframework/boot/spring-boot-starter/2.0.3.RELEASE/spring-boot-starter-2.0.3.RELEASE.jar:/root/.m2/repository/org/springframework/boot/spring-boot-starter-logging/2.0.3.RELEASE/spring-boot-starter-logging-2.0.3.RELEASE.jar:/root/.m2/repository/ch/qos/logback/logback-classic/1.2.3/logback-classic-1.2.3.jar:/root/.m2/repository/ch/qos/logback/logback-core/1.2.3/logback-core-1.2.3.jar:/root/.m2/repository/org/apache/logging/log4j/log4j-to-slf4j/2.10.0/log4j-to-slf4j-2.10.0.jar:/root/.m2/repository/org/apache/logging/log4j/log4j-api/2.10.0/log4j-api-2.10.0.jar:/root/.m2/repository/org/slf4j/jul-to-slf4j/1.7.25/jul-to-slf4j-1.7.25.jar:/root/.m2/repository/javax/annotation/javax.annotation-api/1.3.2/javax.annotation-api-1.3.2.jar:/root/.m2/repository/org/yaml/snakeyaml/1.19/snakeyaml-1.19.jar:/root/.m2/repository/org/springframework/boot/spring-boot-starter-json/2.0.3.RELEASE/spring-boot-starter-json-2.0.3.RELEASE.jar:/root/.m2/repository/com/fasterxml/jackson/datatype/jackson-datatype-jdk8/2.9.6/jackson-datatype-jdk8-2.9.6.jar:/root/.m2/repository/com/fasterxml/jackson/datatype/jackson-datatype-jsr310/2.9.6/jackson-datatype-jsr310-2.9.6.jar:/root/.m2/repository/com/fasterxml/jackson/module/jackson-module-parameter-names/2.9.6/jackson-module-parameter-names-2.9.6.jar:/root/.m2/repository/org/springframework/boot/spring-boot-starter-tomcat/2.0.3.RELEASE/spring-boot-starter-tomcat-2.0.3.RELEASE.jar:/root/.m2/repository/org/apache/tomcat/embed/tomcat-embed-core/8.5.31/tomcat-embed-core-8.5.31.jar:/root/.m2/repository/org/apache/tomcat/embed/tomcat-embed-el/8.5.31/tomcat-embed-el-8.5.31.jar:/root/.m2/repository/org/apache/tomcat/embed/tomcat-embed-websocket/8.5.31/tomcat-embed-websocket-8.5.31.jar:/root/.m2/repository/org/hibernate/validator/hibernate-validator/6.0.10.Final/hibernate-validator-6.0.10.Final.jar:/root/.m2/repository/javax/validation/validation-api/2.0.1.Final/validation-api-2.0.1.Final.jar:/root/.m2/repository/org/jboss/logging/jboss-logging/3.3.2.Final/jboss-logging-3.3.2.Final.jar:/root/.m2/repository/com/fasterxml/classmate/1.3.4/classmate-1.3.4.jar:/root/.m2/repository/org/springframework/spring-webmvc/5.0.7.RELEASE/spring-webmvc-5.0.7.RELEASE.jar:/root/.m2/repository/org/springframework/boot/spring-boot-starter-test/2.0.3.RELEASE/spring-boot-starter-test-2.0.3.RELEASE.jar:/root/.m2/repository/org/springframework/boot/spring-boot-test/2.0.3.RELEASE/spring-boot-test-2.0.3.RELEASE.jar:/root/.m2/repository/org/springframework/boot/spring-boot-test-autoconfigure/2.0.3.RELEASE/spring-boot-test-autoconfigure-2.0.3.RELEASE.jar:/root/.m2/repository/com/jayway/jsonpath/json-path/2.4.0/json-path-2.4.0.jar:/root/.m2/repository/net/minidev/json-smart/2.3/json-smart-2.3.jar:/root/.m2/repository/net/minidev/accessors-smart/1.2/accessors-smart-1.2.jar:/root/.m2/repository/org/ow2/asm/asm/5.0.4/asm-5.0.4.jar:/root/.m2/repository/org/slf4j/slf4j-api/1.7.25/slf4j-api-1.7.25.jar:/root/.m2/repository/junit/junit/4.12/junit-4.12.jar:/root/.m2/repository/org/assertj/assertj-core/3.9.1/assertj-core-3.9.1.jar:/root/.m2/repository/org/mockito/mockito-core/2.15.0/mockito-core-2.15.0.jar:/root/.m2/repository/net/bytebuddy/byte-buddy/1.7.9/byte-buddy-1.7.9.jar:/root/.m2/repository/net/bytebuddy/byte-buddy-agent/1.7.9/byte-buddy-agent-1.7.9.jar:/root/.m2/repository/org/objenesis/objenesis/2.6/objenesis-2.6.jar:/root/.m2/repository/org/hamcrest/hamcrest-core/1.3/hamcrest-core-1.3.jar:/root/.m2/repository/org/hamcrest/hamcrest-library/1.3/hamcrest-library-1.3.jar:/root/.m2/repository/org/skyscreamer/jsonassert/1.5.0/jsonassert-1.5.0.jar:/root/.m2/repository/com/vaadin/external/google/android-json/0.0.20131108.vaadin1/android-json-0.0.20131108.vaadin1.jar:/root/.m2/repository/org/springframework/spring-test/5.0.7.RELEASE/spring-test-5.0.7.RELEASE.jar:/root/.m2/repository/org/xmlunit/xmlunit-core/2.5.1/xmlunit-core-2.5.1.jar:/root/.m2/repository/org/springframework/boot/spring-boot-starter-security/2.0.4.RELEASE/spring-boot-starter-security-2.0.4.RELEASE.jar:/root/.m2/repository/org/springframework/spring-aop/5.0.8.RELEASE/spring-aop-5.0.8.RELEASE.jar:/root/.m2/repository/org/springframework/security/spring-security-config/5.0.7.RELEASE/spring-security-config-5.0.7.RELEASE.jar:/root/.m2/repository/org/springframework/security/spring-security-core/5.0.7.RELEASE/spring-security-core-5.0.7.RELEASE.jar:/root/.m2/repository/org/springframework/security/spring-security-web/5.0.7.RELEASE/spring-security-web-5.0.7.RELEASE.jar:/root/.m2/repository/org/springframework/boot/spring-boot/2.0.4.RELEASE/spring-boot-2.0.4.RELEASE.jar:/root/.m2/repository/org/springframework/spring-context/5.0.7.RELEASE/spring-context-5.0.7.RELEASE.jar:/root/.m2/repository/org/springframework/spring-beans/5.0.7.RELEASE/spring-beans-5.0.7.RELEASE.jar:/root/.m2/repository/org/springframework/spring-expression/5.0.7.RELEASE/spring-expression-5.0.7.RELEASE.jar:/root/.m2/repository/org/springframework/spring-core/5.0.7.RELEASE/spring-core-5.0.7.RELEASE.jar:/root/.m2/repository/org/springframework/spring-jcl/5.0.7.RELEASE/spring-jcl-5.0.7.RELEASE.jar:/root/.m2/repository/org/springframework/boot/spring-boot-autoconfigure/2.0.3.RELEASE/spring-boot-autoconfigure-2.0.3.RELEASE.jar:/root/.m2/repository/org/springframework/spring-web/5.0.7.RELEASE/spring-web-5.0.7.RELEASE.jar:/root/.m2/repository/io/jsonwebtoken/jjwt/0.9.1/jjwt-0.9.1.jar:/root/.m2/repository/com/fasterxml/jackson/core/jackson-databind/2.9.6/jackson-databind-2.9.6.jar:/root/.m2/repository/com/fasterxml/jackson/core/jackson-annotations/2.9.0/jackson-annotations-2.9.0.jar:/root/.m2/repository/com/fasterxml/jackson/core/jackson-core/2.9.6/jackson-core-2.9.6.jar:/root/.m2/repository/org/junit/jupiter/junit-jupiter-api/5.1.0/junit-jupiter-api-5.1.0.jar:/root/.m2/repository/org/apiguardian/apiguardian-api/1.0.0/apiguardian-api-1.0.0.jar:/root/.m2/repository/org/opentest4j/opentest4j/1.0.0/opentest4j-1.0.0.jar:/root/.m2/repository/org/junit/platform/junit-platform-commons/1.1.0/junit-platform-commons-1.1.0.jar:/root/.m2/repository/org/mongodb/mongodb-driver-sync/3.9.1/mongodb-driver-sync-3.9.1.jar:/root/.m2/repository/org/mongodb/bson/3.9.1/bson-3.9.1.jar:/root/.m2/repository/org/mongodb/mongodb-driver-core/3.9.1/mongodb-driver-core-3.9.1.jar:"/>
    <property name="java.vm.vendor" value="JetBrains s.r.o"/>
    <property name="sun.arch.data.model" value="64"/>
    <property name="java.vendor.url" value="https://www.jetbrains.com/"/>
    <property name="user.timezone" value=""/>
    <property name="java.vm.specification.version" value="11"/>
    <property name="os.name" value="Linux"/>
    <property name="sun.java.launcher" value="SUN_STANDARD"/>
    <property name="user.country" value="US"/>
    <property name="sun.boot.library.path" value="/root/Downloads/Compressed/ideaIU-2019.3.1/idea-IU-193.5662.53/jbr/lib"/>
    <property name="sun.java.command" value="/root/IdeaProjects/MongoDB/mflix-java/mflix/target/surefire/surefirebooter17806512880909669239.jar /root/IdeaProjects/MongoDB/mflix-java/mflix/target/surefire 2020-02-13T14-23-35_042-jvmRun1 surefire6041395306908736942tmp surefire_08670468189496542497tmp"/>
    <property name="jdk.debug" value="release"/>
    <property name="surefire.test.class.path" value="/root/IdeaProjects/MongoDB/mflix-java/mflix/target/test-classes:/root/IdeaProjects/MongoDB/mflix-java/mflix/target/classes:/root/.m2/repository/org/springframework/boot/spring-boot-starter-web/2.0.3.RELEASE/spring-boot-starter-web-2.0.3.RELEASE.jar:/root/.m2/repository/org/springframework/boot/spring-boot-starter/2.0.3.RELEASE/spring-boot-starter-2.0.3.RELEASE.jar:/root/.m2/repository/org/springframework/boot/spring-boot-starter-logging/2.0.3.RELEASE/spring-boot-starter-logging-2.0.3.RELEASE.jar:/root/.m2/repository/ch/qos/logback/logback-classic/1.2.3/logback-classic-1.2.3.jar:/root/.m2/repository/ch/qos/logback/logback-core/1.2.3/logback-core-1.2.3.jar:/root/.m2/repository/org/apache/logging/log4j/log4j-to-slf4j/2.10.0/log4j-to-slf4j-2.10.0.jar:/root/.m2/repository/org/apache/logging/log4j/log4j-api/2.10.0/log4j-api-2.10.0.jar:/root/.m2/repository/org/slf4j/jul-to-slf4j/1.7.25/jul-to-slf4j-1.7.25.jar:/root/.m2/repository/javax/annotation/javax.annotation-api/1.3.2/javax.annotation-api-1.3.2.jar:/root/.m2/repository/org/yaml/snakeyaml/1.19/snakeyaml-1.19.jar:/root/.m2/repository/org/springframework/boot/spring-boot-starter-json/2.0.3.RELEASE/spring-boot-starter-json-2.0.3.RELEASE.jar:/root/.m2/repository/com/fasterxml/jackson/datatype/jackson-datatype-jdk8/2.9.6/jackson-datatype-jdk8-2.9.6.jar:/root/.m2/repository/com/fasterxml/jackson/datatype/jackson-datatype-jsr310/2.9.6/jackson-datatype-jsr310-2.9.6.jar:/root/.m2/repository/com/fasterxml/jackson/module/jackson-module-parameter-names/2.9.6/jackson-module-parameter-names-2.9.6.jar:/root/.m2/repository/org/springframework/boot/spring-boot-starter-tomcat/2.0.3.RELEASE/spring-boot-starter-tomcat-2.0.3.RELEASE.jar:/root/.m2/repository/org/apache/tomcat/embed/tomcat-embed-core/8.5.31/tomcat-embed-core-8.5.31.jar:/root/.m2/repository/org/apache/tomcat/embed/tomcat-embed-el/8.5.31/tomcat-embed-el-8.5.31.jar:/root/.m2/repository/org/apache/tomcat/embed/tomcat-embed-websocket/8.5.31/tomcat-embed-websocket-8.5.31.jar:/root/.m2/repository/org/hibernate/validator/hibernate-validator/6.0.10.Final/hibernate-validator-6.0.10.Final.jar:/root/.m2/repository/javax/validation/validation-api/2.0.1.Final/validation-api-2.0.1.Final.jar:/root/.m2/repository/org/jboss/logging/jboss-logging/3.3.2.Final/jboss-logging-3.3.2.Final.jar:/root/.m2/repository/com/fasterxml/classmate/1.3.4/classmate-1.3.4.jar:/root/.m2/repository/org/springframework/spring-webmvc/5.0.7.RELEASE/spring-webmvc-5.0.7.RELEASE.jar:/root/.m2/repository/org/springframework/boot/spring-boot-starter-test/2.0.3.RELEASE/spring-boot-starter-test-2.0.3.RELEASE.jar:/root/.m2/repository/org/springframework/boot/spring-boot-test/2.0.3.RELEASE/spring-boot-test-2.0.3.RELEASE.jar:/root/.m2/repository/org/springframework/boot/spring-boot-test-autoconfigure/2.0.3.RELEASE/spring-boot-test-autoconfigure-2.0.3.RELEASE.jar:/root/.m2/repository/com/jayway/jsonpath/json-path/2.4.0/json-path-2.4.0.jar:/root/.m2/repository/net/minidev/json-smart/2.3/json-smart-2.3.jar:/root/.m2/repository/net/minidev/accessors-smart/1.2/accessors-smart-1.2.jar:/root/.m2/repository/org/ow2/asm/asm/5.0.4/asm-5.0.4.jar:/root/.m2/repository/org/slf4j/slf4j-api/1.7.25/slf4j-api-1.7.25.jar:/root/.m2/repository/junit/junit/4.12/junit-4.12.jar:/root/.m2/repository/org/assertj/assertj-core/3.9.1/assertj-core-3.9.1.jar:/root/.m2/repository/org/mockito/mockito-core/2.15.0/mockito-core-2.15.0.jar:/root/.m2/repository/net/bytebuddy/byte-buddy/1.7.9/byte-buddy-1.7.9.jar:/root/.m2/repository/net/bytebuddy/byte-buddy-agent/1.7.9/byte-buddy-agent-1.7.9.jar:/root/.m2/repository/org/objenesis/objenesis/2.6/objenesis-2.6.jar:/root/.m2/repository/org/hamcrest/hamcrest-core/1.3/hamcrest-core-1.3.jar:/root/.m2/repository/org/hamcrest/hamcrest-library/1.3/hamcrest-library-1.3.jar:/root/.m2/repository/org/skyscreamer/jsonassert/1.5.0/jsonassert-1.5.0.jar:/root/.m2/repository/com/vaadin/external/google/android-json/0.0.20131108.vaadin1/android-json-0.0.20131108.vaadin1.jar:/root/.m2/repository/org/springframework/spring-test/5.0.7.RELEASE/spring-test-5.0.7.RELEASE.jar:/root/.m2/repository/org/xmlunit/xmlunit-core/2.5.1/xmlunit-core-2.5.1.jar:/root/.m2/repository/org/springframework/boot/spring-boot-starter-security/2.0.4.RELEASE/spring-boot-starter-security-2.0.4.RELEASE.jar:/root/.m2/repository/org/springframework/spring-aop/5.0.8.RELEASE/spring-aop-5.0.8.RELEASE.jar:/root/.m2/repository/org/springframework/security/spring-security-config/5.0.7.RELEASE/spring-security-config-5.0.7.RELEASE.jar:/root/.m2/repository/org/springframework/security/spring-security-core/5.0.7.RELEASE/spring-security-core-5.0.7.RELEASE.jar:/root/.m2/repository/org/springframework/security/spring-security-web/5.0.7.RELEASE/spring-security-web-5.0.7.RELEASE.jar:/root/.m2/repository/org/springframework/boot/spring-boot/2.0.4.RELEASE/spring-boot-2.0.4.RELEASE.jar:/root/.m2/repository/org/springframework/spring-context/5.0.7.RELEASE/spring-context-5.0.7.RELEASE.jar:/root/.m2/repository/org/springframework/spring-beans/5.0.7.RELEASE/spring-beans-5.0.7.RELEASE.jar:/root/.m2/repository/org/springframework/spring-expression/5.0.7.RELEASE/spring-expression-5.0.7.RELEASE.jar:/root/.m2/repository/org/springframework/spring-core/5.0.7.RELEASE/spring-core-5.0.7.RELEASE.jar:/root/.m2/repository/org/springframework/spring-jcl/5.0.7.RELEASE/spring-jcl-5.0.7.RELEASE.jar:/root/.m2/repository/org/springframework/boot/spring-boot-autoconfigure/2.0.3.RELEASE/spring-boot-autoconfigure-2.0.3.RELEASE.jar:/root/.m2/repository/org/springframework/spring-web/5.0.7.RELEASE/spring-web-5.0.7.RELEASE.jar:/root/.m2/repository/io/jsonwebtoken/jjwt/0.9.1/jjwt-0.9.1.jar:/root/.m2/repository/com/fasterxml/jackson/core/jackson-databind/2.9.6/jackson-databind-2.9.6.jar:/root/.m2/repository/com/fasterxml/jackson/core/jackson-annotations/2.9.0/jackson-annotations-2.9.0.jar:/root/.m2/repository/com/fasterxml/jackson/core/jackson-core/2.9.6/jackson-core-2.9.6.jar:/root/.m2/repository/org/junit/jupiter/junit-jupiter-api/5.1.0/junit-jupiter-api-5.1.0.jar:/root/.m2/repository/org/apiguardian/apiguardian-api/1.0.0/apiguardian-api-1.0.0.jar:/root/.m2/repository/org/opentest4j/opentest4j/1.0.0/opentest4j-1.0.0.jar:/root/.m2/repository/org/junit/platform/junit-platform-commons/1.1.0/junit-platform-commons-1.1.0.jar:/root/.m2/repository/org/mongodb/mongodb-driver-sync/3.9.1/mongodb-driver-sync-3.9.1.jar:/root/.m2/repository/org/mongodb/bson/3.9.1/bson-3.9.1.jar:/root/.m2/repository/org/mongodb/mongodb-driver-core/3.9.1/mongodb-driver-core-3.9.1.jar:"/>
    <property name="sun.cpu.endian" value="little"/>
    <property name="user.home" value="/root"/>
    <property name="user.language" value="en"/>
    <property name="java.specification.vendor" value="Oracle Corporation"/>
    <property name="java.version.date" value="2019-10-15"/>
    <property name="java.home" value="/root/Downloads/Compressed/ideaIU-2019.3.1/idea-IU-193.5662.53/jbr"/>
    <property name="file.separator" value="/"/>
    <property name="basedir" value="/root/IdeaProjects/MongoDB/mflix-java/mflix"/>
    <property name="java.vm.compressedOopsMode" value="Zero based"/>
    <property name="line.separator" value="&#10;"/>
    <property name="java.specification.name" value="Java Platform API Specification"/>
    <property name="java.vm.specification.vendor" value="Oracle Corporation"/>
    <property name="java.awt.graphicsenv" value="sun.awt.X11GraphicsEnvironment"/>
    <property name="surefire.real.class.path" value="/root/IdeaProjects/MongoDB/mflix-java/mflix/target/surefire/surefirebooter17806512880909669239.jar"/>
    <property name="sun.management.compiler" value="HotSpot 64-Bit Tiered Compilers"/>
    <property name="java.runtime.version" value="11.0.5+10-b520.17"/>
    <property name="user.name" value="root"/>
    <property name="path.separator" value=":"/>
    <property name="os.version" value="5.2.0-kali2-amd64"/>
    <property name="java.runtime.name" value="OpenJDK Runtime Environment"/>
    <property name="file.encoding" value="UTF-8"/>
    <property name="java.vm.name" value="OpenJDK 64-Bit Server VM"/>
    <property name="localRepository" value="/root/.m2/repository"/>
    <property name="java.vendor.url.bug" value="https://youtrack.jetbrains.com"/>
    <property name="java.io.tmpdir" value="/tmp"/>
    <property name="java.version" value="11.0.5"/>
    <property name="user.dir" value="/root/IdeaProjects/MongoDB/mflix-java/mflix"/>
    <property name="os.arch" value="amd64"/>
    <property name="java.vm.specification.name" value="Java Virtual Machine Specification"/>
    <property name="java.awt.printerjob" value="sun.print.PSPrinterJob"/>
    <property name="idea.version2019.3.1" value="true"/>
    <property name="sun.os.patch.level" value="unknown"/>
    <property name="java.library.path" value="/usr/java/packages/lib:/usr/lib64:/lib64:/lib:/usr/lib"/>
    <property name="java.vendor" value="JetBrains s.r.o"/>
    <property name="java.vm.info" value="mixed mode"/>
    <property name="java.vm.version" value="11.0.5+10-b520.17"/>
    <property name="sun.io.unicode.encoding" value="UnicodeLittle"/>
    <property name="java.class.version" value="55.0"/>
  </properties>
  <testcase name="testAllDocumentsIMDBRatingNumber" classname="mflix.api.daos.MigrationTest" time="7.193">
    <failure message="Should not find documents where `imdb.rating` is of not of `number` type expected:&lt;0&gt; but was:&lt;61&gt;" type="java.lang.AssertionError"><![CDATA[java.lang.AssertionError: Should not find documents where `imdb.rating` is of not of `number` type expected:<0> but was:<61>
	at mflix.api.daos.MigrationTest.testAllDocumentsIMDBRatingNumber(MigrationTest.java:42)
]]></failure>
    <system-out><![CDATA[2020-02-13 14:30:04.303  INFO 3246 --- [           main] org.mongodb.driver.cluster               : Cluster created with settings {hosts=[cl1-shard-00-02-gtxku.mongodb.net:27017, cl1-shard-00-01-gtxku.mongodb.net:27017, cl1-shard-00-00-gtxku.mongodb.net:27017], mode=MULTIPLE, requiredClusterType=REPLICA_SET, serverSelectionTimeout='30000 ms', maxWaitQueueSize=500, requiredReplicaSetName='CL1-shard-0'}
2020-02-13 14:30:04.303  INFO 3246 --- [           main] org.mongodb.driver.cluster               : Adding discovered server cl1-shard-00-02-gtxku.mongodb.net:27017 to client view of cluster
2020-02-13 14:30:04.305  INFO 3246 --- [           main] org.mongodb.driver.cluster               : Adding discovered server cl1-shard-00-01-gtxku.mongodb.net:27017 to client view of cluster
2020-02-13 14:30:04.307  INFO 3246 --- [           main] org.mongodb.driver.cluster               : Adding discovered server cl1-shard-00-00-gtxku.mongodb.net:27017 to client view of cluster
2020-02-13 14:30:04.311  INFO 3246 --- [           main] org.mongodb.driver.cluster               : No server chosen by com.mongodb.client.internal.MongoClientDelegate$1@1600a8a2 from cluster description ClusterDescription{type=REPLICA_SET, connectionMode=MULTIPLE, serverDescriptions=[ServerDescription{address=cl1-shard-00-00-gtxku.mongodb.net:27017, type=UNKNOWN, state=CONNECTING}, ServerDescription{address=cl1-shard-00-01-gtxku.mongodb.net:27017, type=UNKNOWN, state=CONNECTING}, ServerDescription{address=cl1-shard-00-02-gtxku.mongodb.net:27017, type=UNKNOWN, state=CONNECTING}]}. Waiting for 30000 ms before timing out
2020-02-13 14:30:06.081  INFO 3246 --- [ngodb.net:27017] org.mongodb.driver.connection            : Opened connection [connectionId{localValue:24, serverValue:72920}] to cl1-shard-00-02-gtxku.mongodb.net:27017
2020-02-13 14:30:06.081  INFO 3246 --- [ngodb.net:27017] org.mongodb.driver.connection            : Opened connection [connectionId{localValue:22, serverValue:71067}] to cl1-shard-00-01-gtxku.mongodb.net:27017
2020-02-13 14:30:06.081  INFO 3246 --- [ngodb.net:27017] org.mongodb.driver.connection            : Opened connection [connectionId{localValue:23, serverValue:73043}] to cl1-shard-00-00-gtxku.mongodb.net:27017
2020-02-13 14:30:06.126  INFO 3246 --- [ngodb.net:27017] org.mongodb.driver.cluster               : Monitor thread successfully connected to server with description ServerDescription{address=cl1-shard-00-01-gtxku.mongodb.net:27017, type=REPLICA_SET_SECONDARY, state=CONNECTED, ok=true, version=ServerVersion{versionList=[4, 2, 3]}, minWireVersion=0, maxWireVersion=8, maxDocumentSize=16777216, logicalSessionTimeoutMinutes=30, roundTripTimeNanos=315536419, setName='CL1-shard-0', canonicalAddress=cl1-shard-00-01-gtxku.mongodb.net:27017, hosts=[cl1-shard-00-01-gtxku.mongodb.net:27017, cl1-shard-00-02-gtxku.mongodb.net:27017, cl1-shard-00-00-gtxku.mongodb.net:27017], passives=[], arbiters=[], primary='cl1-shard-00-02-gtxku.mongodb.net:27017', tagSet=TagSet{[Tag{name='nodeType', value='ELECTABLE'}, Tag{name='provider', value='AWS'}, Tag{name='region', value='US_EAST_1'}]}, electionId=null, setVersion=1, lastWriteDate=Thu Feb 13 06:30:10 EST 2020, lastUpdateTimeNanos=2238721417130}
2020-02-13 14:30:06.184  INFO 3246 --- [ngodb.net:27017] org.mongodb.driver.cluster               : Monitor thread successfully connected to server with description ServerDescription{address=cl1-shard-00-02-gtxku.mongodb.net:27017, type=REPLICA_SET_PRIMARY, state=CONNECTED, ok=true, version=ServerVersion{versionList=[4, 2, 3]}, minWireVersion=0, maxWireVersion=8, maxDocumentSize=16777216, logicalSessionTimeoutMinutes=30, roundTripTimeNanos=320435819, setName='CL1-shard-0', canonicalAddress=cl1-shard-00-02-gtxku.mongodb.net:27017, hosts=[cl1-shard-00-01-gtxku.mongodb.net:27017, cl1-shard-00-02-gtxku.mongodb.net:27017, cl1-shard-00-00-gtxku.mongodb.net:27017], passives=[], arbiters=[], primary='cl1-shard-00-02-gtxku.mongodb.net:27017', tagSet=TagSet{[Tag{name='nodeType', value='ELECTABLE'}, Tag{name='provider', value='AWS'}, Tag{name='region', value='US_EAST_1'}]}, electionId=7fffffff0000000000000002, setVersion=1, lastWriteDate=Thu Feb 13 06:30:10 EST 2020, lastUpdateTimeNanos=2238778655398}
2020-02-13 14:30:06.352  INFO 3246 --- [ngodb.net:27017] org.mongodb.driver.cluster               : Monitor thread successfully connected to server with description ServerDescription{address=cl1-shard-00-00-gtxku.mongodb.net:27017, type=REPLICA_SET_SECONDARY, state=CONNECTED, ok=true, version=ServerVersion{versionList=[4, 2, 3]}, minWireVersion=0, maxWireVersion=8, maxDocumentSize=16777216, logicalSessionTimeoutMinutes=30, roundTripTimeNanos=270343286, setName='CL1-shard-0', canonicalAddress=cl1-shard-00-00-gtxku.mongodb.net:27017, hosts=[cl1-shard-00-01-gtxku.mongodb.net:27017, cl1-shard-00-02-gtxku.mongodb.net:27017, cl1-shard-00-00-gtxku.mongodb.net:27017], passives=[], arbiters=[], primary='cl1-shard-00-02-gtxku.mongodb.net:27017', tagSet=TagSet{[Tag{name='provider', value='AWS'}, Tag{name='nodeType', value='ELECTABLE'}, Tag{name='region', value='US_EAST_1'}]}, electionId=null, setVersion=1, lastWriteDate=Thu Feb 13 06:30:10 EST 2020, lastUpdateTimeNanos=2238947207650}
2020-02-13 14:30:06.354  INFO 3246 --- [           main] org.mongodb.driver.cluster               : No server chosen by ReadPreferenceServerSelector{readPreference=primary} from cluster description ClusterDescription{type=REPLICA_SET, connectionMode=MULTIPLE, serverDescriptions=[ServerDescription{address=cl1-shard-00-00-gtxku.mongodb.net:27017, type=REPLICA_SET_SECONDARY, state=CONNECTED, ok=true, version=ServerVersion{versionList=[4, 2, 3]}, minWireVersion=0, maxWireVersion=8, maxDocumentSize=16777216, logicalSessionTimeoutMinutes=30, roundTripTimeNanos=270343286, setName='CL1-shard-0', canonicalAddress=cl1-shard-00-00-gtxku.mongodb.net:27017, hosts=[cl1-shard-00-01-gtxku.mongodb.net:27017, cl1-shard-00-02-gtxku.mongodb.net:27017, cl1-shard-00-00-gtxku.mongodb.net:27017], passives=[], arbiters=[], primary='cl1-shard-00-02-gtxku.mongodb.net:27017', tagSet=TagSet{[Tag{name='provider', value='AWS'}, Tag{name='nodeType', value='ELECTABLE'}, Tag{name='region', value='US_EAST_1'}]}, electionId=null, setVersion=1, lastWriteDate=Thu Feb 13 06:30:10 EST 2020, lastUpdateTimeNanos=2238947207650}, ServerDescription{address=cl1-shard-00-01-gtxku.mongodb.net:27017, type=UNKNOWN, state=CONNECTING}, ServerDescription{address=cl1-shard-00-02-gtxku.mongodb.net:27017, type=UNKNOWN, state=CONNECTING}]}. Waiting for 30000 ms before timing out
2020-02-13 14:30:06.378  INFO 3246 --- [ngodb.net:27017] org.mongodb.driver.cluster               : Monitor thread successfully connected to server with description ServerDescription{address=cl1-shard-00-02-gtxku.mongodb.net:27017, type=REPLICA_SET_PRIMARY, state=CONNECTED, ok=true, version=ServerVersion{versionList=[4, 2, 3]}, minWireVersion=0, maxWireVersion=8, maxDocumentSize=16777216, logicalSessionTimeoutMinutes=30, roundTripTimeNanos=296972755, setName='CL1-shard-0', canonicalAddress=cl1-shard-00-02-gtxku.mongodb.net:27017, hosts=[cl1-shard-00-01-gtxku.mongodb.net:27017, cl1-shard-00-02-gtxku.mongodb.net:27017, cl1-shard-00-00-gtxku.mongodb.net:27017], passives=[], arbiters=[], primary='cl1-shard-00-02-gtxku.mongodb.net:27017', tagSet=TagSet{[Tag{name='nodeType', value='ELECTABLE'}, Tag{name='provider', value='AWS'}, Tag{name='region', value='US_EAST_1'}]}, electionId=7fffffff0000000000000002, setVersion=1, lastWriteDate=Thu Feb 13 06:30:10 EST 2020, lastUpdateTimeNanos=2238973707779}
2020-02-13 14:30:06.378  INFO 3246 --- [ngodb.net:27017] org.mongodb.driver.cluster               : Monitor thread successfully connected to server with description ServerDescription{address=cl1-shard-00-01-gtxku.mongodb.net:27017, type=REPLICA_SET_SECONDARY, state=CONNECTED, ok=true, version=ServerVersion{versionList=[4, 2, 3]}, minWireVersion=0, maxWireVersion=8, maxDocumentSize=16777216, logicalSessionTimeoutMinutes=30, roundTripTimeNanos=296909241, setName='CL1-shard-0', canonicalAddress=cl1-shard-00-01-gtxku.mongodb.net:27017, hosts=[cl1-shard-00-01-gtxku.mongodb.net:27017, cl1-shard-00-02-gtxku.mongodb.net:27017, cl1-shard-00-00-gtxku.mongodb.net:27017], passives=[], arbiters=[], primary='cl1-shard-00-02-gtxku.mongodb.net:27017', tagSet=TagSet{[Tag{name='nodeType', value='ELECTABLE'}, Tag{name='provider', value='AWS'}, Tag{name='region', value='US_EAST_1'}]}, electionId=null, setVersion=1, lastWriteDate=Thu Feb 13 06:30:10 EST 2020, lastUpdateTimeNanos=2238973707769}
2020-02-13 14:30:06.379  INFO 3246 --- [ngodb.net:27017] org.mongodb.driver.cluster               : Setting max election id to 7fffffff0000000000000002 from replica set primary cl1-shard-00-02-gtxku.mongodb.net:27017
2020-02-13 14:30:06.379  INFO 3246 --- [ngodb.net:27017] org.mongodb.driver.cluster               : Setting max set version to 1 from replica set primary cl1-shard-00-02-gtxku.mongodb.net:27017
2020-02-13 14:30:06.379  INFO 3246 --- [ngodb.net:27017] org.mongodb.driver.cluster               : Discovered replica set primary cl1-shard-00-02-gtxku.mongodb.net:27017
2020-02-13 14:30:06.640  INFO 3246 --- [ngodb.net:27017] org.mongodb.driver.cluster               : Monitor thread successfully connected to server with description ServerDescription{address=cl1-shard-00-02-gtxku.mongodb.net:27017, type=REPLICA_SET_PRIMARY, state=CONNECTED, ok=true, version=ServerVersion{versionList=[4, 2, 3]}, minWireVersion=0, maxWireVersion=8, maxDocumentSize=16777216, logicalSessionTimeoutMinutes=30, roundTripTimeNanos=308667290, setName='CL1-shard-0', canonicalAddress=cl1-shard-00-02-gtxku.mongodb.net:27017, hosts=[cl1-shard-00-01-gtxku.mongodb.net:27017, cl1-shard-00-02-gtxku.mongodb.net:27017, cl1-shard-00-00-gtxku.mongodb.net:27017], passives=[], arbiters=[], primary='cl1-shard-00-02-gtxku.mongodb.net:27017', tagSet=TagSet{[Tag{name='nodeType', value='ELECTABLE'}, Tag{name='provider', value='AWS'}, Tag{name='region', value='US_EAST_1'}]}, electionId=7fffffff0000000000000002, setVersion=1, lastWriteDate=Thu Feb 13 06:30:10 EST 2020, lastUpdateTimeNanos=2239235090796}
2020-02-13 14:30:07.334  INFO 3246 --- [ngodb.net:27017] org.mongodb.driver.cluster               : Monitor thread successfully connected to server with description ServerDescription{address=cl1-shard-00-00-gtxku.mongodb.net:27017, type=REPLICA_SET_SECONDARY, state=CONNECTED, ok=true, version=ServerVersion{versionList=[4, 2, 3]}, minWireVersion=0, maxWireVersion=8, maxDocumentSize=16777216, logicalSessionTimeoutMinutes=30, roundTripTimeNanos=294099266, setName='CL1-shard-0', canonicalAddress=cl1-shard-00-00-gtxku.mongodb.net:27017, hosts=[cl1-shard-00-01-gtxku.mongodb.net:27017, cl1-shard-00-02-gtxku.mongodb.net:27017, cl1-shard-00-00-gtxku.mongodb.net:27017], passives=[], arbiters=[], primary='cl1-shard-00-02-gtxku.mongodb.net:27017', tagSet=TagSet{[Tag{name='provider', value='AWS'}, Tag{name='nodeType', value='ELECTABLE'}, Tag{name='region', value='US_EAST_1'}]}, electionId=null, setVersion=1, lastWriteDate=Thu Feb 13 06:30:10 EST 2020, lastUpdateTimeNanos=2239928806484}
2020-02-13 14:30:09.042  INFO 3246 --- [           main] org.mongodb.driver.connection            : Opened connection [connectionId{localValue:25, serverValue:72920}] to cl1-shard-00-02-gtxku.mongodb.net:27017
2020-02-13 14:30:09.360  INFO 3246 --- [ngodb.net:27017] org.mongodb.driver.cluster               : Monitor thread successfully connected to server with description ServerDescription{address=cl1-shard-00-02-gtxku.mongodb.net:27017, type=REPLICA_SET_PRIMARY, state=CONNECTED, ok=true, version=ServerVersion{versionList=[4, 2, 3]}, minWireVersion=0, maxWireVersion=8, maxDocumentSize=16777216, logicalSessionTimeoutMinutes=30, roundTripTimeNanos=350297446, setName='CL1-shard-0', canonicalAddress=cl1-shard-00-02-gtxku.mongodb.net:27017, hosts=[cl1-shard-00-01-gtxku.mongodb.net:27017, cl1-shard-00-02-gtxku.mongodb.net:27017, cl1-shard-00-00-gtxku.mongodb.net:27017], passives=[], arbiters=[], primary='cl1-shard-00-02-gtxku.mongodb.net:27017', tagSet=TagSet{[Tag{name='nodeType', value='ELECTABLE'}, Tag{name='provider', value='AWS'}, Tag{name='region', value='US_EAST_1'}]}, electionId=7fffffff0000000000000002, setVersion=1, lastWriteDate=Thu Feb 13 06:30:10 EST 2020, lastUpdateTimeNanos=2241955388807}
]]></system-out>
  </testcase>
  <testcase name="testAllDocumentsUpdateDateIsDateType" classname="mflix.api.daos.MigrationTest" time="8.252">
    <failure message="Should not find documents where `lastupdated` is of `string` type expected:&lt;0&gt; but was:&lt;23539&gt;" type="java.lang.AssertionError"><![CDATA[java.lang.AssertionError: Should not find documents where `lastupdated` is of `string` type expected:<0> but was:<23539>
	at mflix.api.daos.MigrationTest.testAllDocumentsUpdateDateIsDateType(MigrationTest.java:31)
]]></failure>
    <system-out><![CDATA[2020-02-13 14:30:09.721  INFO 3246 --- [ngodb.net:27017] org.mongodb.driver.cluster               : Monitor thread successfully connected to server with description ServerDescription{address=cl1-shard-00-02-gtxku.mongodb.net:27017, type=REPLICA_SET_PRIMARY, state=CONNECTED, ok=true, version=ServerVersion{versionList=[4, 2, 3]}, minWireVersion=0, maxWireVersion=8, maxDocumentSize=16777216, logicalSessionTimeoutMinutes=30, roundTripTimeNanos=307102150, setName='CL1-shard-0', canonicalAddress=cl1-shard-00-02-gtxku.mongodb.net:27017, hosts=[cl1-shard-00-01-gtxku.mongodb.net:27017, cl1-shard-00-02-gtxku.mongodb.net:27017, cl1-shard-00-00-gtxku.mongodb.net:27017], passives=[], arbiters=[], primary='cl1-shard-00-02-gtxku.mongodb.net:27017', tagSet=TagSet{[Tag{name='nodeType', value='ELECTABLE'}, Tag{name='provider', value='AWS'}, Tag{name='region', value='US_EAST_1'}]}, electionId=7fffffff0000000000000002, setVersion=1, lastWriteDate=Thu Feb 13 06:30:10 EST 2020, lastUpdateTimeNanos=2242315341158}
2020-02-13 14:30:11.823  INFO 3246 --- [           main] org.mongodb.driver.cluster               : Cluster created with settings {hosts=[cl1-shard-00-00-gtxku.mongodb.net:27017, cl1-shard-00-02-gtxku.mongodb.net:27017, cl1-shard-00-01-gtxku.mongodb.net:27017], mode=MULTIPLE, requiredClusterType=REPLICA_SET, serverSelectionTimeout='30000 ms', maxWaitQueueSize=500, requiredReplicaSetName='CL1-shard-0'}
2020-02-13 14:30:11.823  INFO 3246 --- [           main] org.mongodb.driver.cluster               : Adding discovered server cl1-shard-00-00-gtxku.mongodb.net:27017 to client view of cluster
2020-02-13 14:30:11.825  INFO 3246 --- [           main] org.mongodb.driver.cluster               : Adding discovered server cl1-shard-00-02-gtxku.mongodb.net:27017 to client view of cluster
2020-02-13 14:30:11.828  INFO 3246 --- [           main] org.mongodb.driver.cluster               : Adding discovered server cl1-shard-00-01-gtxku.mongodb.net:27017 to client view of cluster
2020-02-13 14:30:11.830  INFO 3246 --- [           main] org.mongodb.driver.cluster               : No server chosen by com.mongodb.client.internal.MongoClientDelegate$1@68c34db2 from cluster description ClusterDescription{type=REPLICA_SET, connectionMode=MULTIPLE, serverDescriptions=[ServerDescription{address=cl1-shard-00-00-gtxku.mongodb.net:27017, type=UNKNOWN, state=CONNECTING}, ServerDescription{address=cl1-shard-00-01-gtxku.mongodb.net:27017, type=UNKNOWN, state=CONNECTING}, ServerDescription{address=cl1-shard-00-02-gtxku.mongodb.net:27017, type=UNKNOWN, state=CONNECTING}]}. Waiting for 30000 ms before timing out
2020-02-13 14:30:12.181  INFO 3246 --- [ngodb.net:27017] org.mongodb.driver.cluster               : Monitor thread successfully connected to server with description ServerDescription{address=cl1-shard-00-02-gtxku.mongodb.net:27017, type=REPLICA_SET_PRIMARY, state=CONNECTED, ok=true, version=ServerVersion{versionList=[4, 2, 3]}, minWireVersion=0, maxWireVersion=8, maxDocumentSize=16777216, logicalSessionTimeoutMinutes=30, roundTripTimeNanos=376819814, setName='CL1-shard-0', canonicalAddress=cl1-shard-00-02-gtxku.mongodb.net:27017, hosts=[cl1-shard-00-01-gtxku.mongodb.net:27017, cl1-shard-00-02-gtxku.mongodb.net:27017, cl1-shard-00-00-gtxku.mongodb.net:27017], passives=[], arbiters=[], primary='cl1-shard-00-02-gtxku.mongodb.net:27017', tagSet=TagSet{[Tag{name='nodeType', value='ELECTABLE'}, Tag{name='provider', value='AWS'}, Tag{name='region', value='US_EAST_1'}]}, electionId=7fffffff0000000000000002, setVersion=1, lastWriteDate=Thu Feb 13 06:30:10 EST 2020, lastUpdateTimeNanos=2244776479611}
2020-02-13 14:30:12.281  INFO 3246 --- [ngodb.net:27017] org.mongodb.driver.cluster               : Monitor thread successfully connected to server with description ServerDescription{address=cl1-shard-00-02-gtxku.mongodb.net:27017, type=REPLICA_SET_PRIMARY, state=CONNECTED, ok=true, version=ServerVersion{versionList=[4, 2, 3]}, minWireVersion=0, maxWireVersion=8, maxDocumentSize=16777216, logicalSessionTimeoutMinutes=30, roundTripTimeNanos=468626715, setName='CL1-shard-0', canonicalAddress=cl1-shard-00-02-gtxku.mongodb.net:27017, hosts=[cl1-shard-00-01-gtxku.mongodb.net:27017, cl1-shard-00-02-gtxku.mongodb.net:27017, cl1-shard-00-00-gtxku.mongodb.net:27017], passives=[], arbiters=[], primary='cl1-shard-00-02-gtxku.mongodb.net:27017', tagSet=TagSet{[Tag{name='nodeType', value='ELECTABLE'}, Tag{name='provider', value='AWS'}, Tag{name='region', value='US_EAST_1'}]}, electionId=7fffffff0000000000000002, setVersion=1, lastWriteDate=Thu Feb 13 06:30:10 EST 2020, lastUpdateTimeNanos=2244876596670}
2020-02-13 14:30:13.966  INFO 3246 --- [ngodb.net:27017] org.mongodb.driver.connection            : Opened connection [connectionId{localValue:26, serverValue:73043}] to cl1-shard-00-00-gtxku.mongodb.net:27017
2020-02-13 14:30:13.996  INFO 3246 --- [ngodb.net:27017] org.mongodb.driver.connection            : Opened connection [connectionId{localValue:27, serverValue:72920}] to cl1-shard-00-02-gtxku.mongodb.net:27017
2020-02-13 14:30:14.019  INFO 3246 --- [ngodb.net:27017] org.mongodb.driver.connection            : Opened connection [connectionId{localValue:28, serverValue:75326}] to cl1-shard-00-01-gtxku.mongodb.net:27017
2020-02-13 14:30:14.264  INFO 3246 --- [ngodb.net:27017] org.mongodb.driver.cluster               : Monitor thread successfully connected to server with description ServerDescription{address=cl1-shard-00-00-gtxku.mongodb.net:27017, type=REPLICA_SET_SECONDARY, state=CONNECTED, ok=true, version=ServerVersion{versionList=[4, 2, 3]}, minWireVersion=0, maxWireVersion=8, maxDocumentSize=16777216, logicalSessionTimeoutMinutes=30, roundTripTimeNanos=297258648, setName='CL1-shard-0', canonicalAddress=cl1-shard-00-00-gtxku.mongodb.net:27017, hosts=[cl1-shard-00-01-gtxku.mongodb.net:27017, cl1-shard-00-02-gtxku.mongodb.net:27017, cl1-shard-00-00-gtxku.mongodb.net:27017], passives=[], arbiters=[], primary='cl1-shard-00-02-gtxku.mongodb.net:27017', tagSet=TagSet{[Tag{name='nodeType', value='ELECTABLE'}, Tag{name='provider', value='AWS'}, Tag{name='region', value='US_EAST_1'}]}, electionId=null, setVersion=1, lastWriteDate=Thu Feb 13 06:30:22 EST 2020, lastUpdateTimeNanos=2246858957400}
2020-02-13 14:30:14.266  INFO 3246 --- [           main] org.mongodb.driver.cluster               : No server chosen by ReadPreferenceServerSelector{readPreference=primary} from cluster description ClusterDescription{type=REPLICA_SET, connectionMode=MULTIPLE, serverDescriptions=[ServerDescription{address=cl1-shard-00-00-gtxku.mongodb.net:27017, type=REPLICA_SET_SECONDARY, state=CONNECTED, ok=true, version=ServerVersion{versionList=[4, 2, 3]}, minWireVersion=0, maxWireVersion=8, maxDocumentSize=16777216, logicalSessionTimeoutMinutes=30, roundTripTimeNanos=297258648, setName='CL1-shard-0', canonicalAddress=cl1-shard-00-00-gtxku.mongodb.net:27017, hosts=[cl1-shard-00-01-gtxku.mongodb.net:27017, cl1-shard-00-02-gtxku.mongodb.net:27017, cl1-shard-00-00-gtxku.mongodb.net:27017], passives=[], arbiters=[], primary='cl1-shard-00-02-gtxku.mongodb.net:27017', tagSet=TagSet{[Tag{name='nodeType', value='ELECTABLE'}, Tag{name='provider', value='AWS'}, Tag{name='region', value='US_EAST_1'}]}, electionId=null, setVersion=1, lastWriteDate=Thu Feb 13 06:30:22 EST 2020, lastUpdateTimeNanos=2246858957400}, ServerDescription{address=cl1-shard-00-01-gtxku.mongodb.net:27017, type=UNKNOWN, state=CONNECTING}, ServerDescription{address=cl1-shard-00-02-gtxku.mongodb.net:27017, type=UNKNOWN, state=CONNECTING}]}. Waiting for 30000 ms before timing out
2020-02-13 14:30:14.293  INFO 3246 --- [ngodb.net:27017] org.mongodb.driver.cluster               : Monitor thread successfully connected to server with description ServerDescription{address=cl1-shard-00-02-gtxku.mongodb.net:27017, type=REPLICA_SET_PRIMARY, state=CONNECTED, ok=true, version=ServerVersion{versionList=[4, 2, 3]}, minWireVersion=0, maxWireVersion=8, maxDocumentSize=16777216, logicalSessionTimeoutMinutes=30, roundTripTimeNanos=297281181, setName='CL1-shard-0', canonicalAddress=cl1-shard-00-02-gtxku.mongodb.net:27017, hosts=[cl1-shard-00-01-gtxku.mongodb.net:27017, cl1-shard-00-02-gtxku.mongodb.net:27017, cl1-shard-00-00-gtxku.mongodb.net:27017], passives=[], arbiters=[], primary='cl1-shard-00-02-gtxku.mongodb.net:27017', tagSet=TagSet{[Tag{name='provider', value='AWS'}, Tag{name='nodeType', value='ELECTABLE'}, Tag{name='region', value='US_EAST_1'}]}, electionId=7fffffff0000000000000002, setVersion=1, lastWriteDate=Thu Feb 13 06:30:22 EST 2020, lastUpdateTimeNanos=2246888711880}
2020-02-13 14:30:14.294  INFO 3246 --- [ngodb.net:27017] org.mongodb.driver.cluster               : Setting max election id to 7fffffff0000000000000002 from replica set primary cl1-shard-00-02-gtxku.mongodb.net:27017
2020-02-13 14:30:14.294  INFO 3246 --- [ngodb.net:27017] org.mongodb.driver.cluster               : Setting max set version to 1 from replica set primary cl1-shard-00-02-gtxku.mongodb.net:27017
2020-02-13 14:30:14.294  INFO 3246 --- [ngodb.net:27017] org.mongodb.driver.cluster               : Discovered replica set primary cl1-shard-00-02-gtxku.mongodb.net:27017
2020-02-13 14:30:14.311  INFO 3246 --- [ngodb.net:27017] org.mongodb.driver.cluster               : Monitor thread successfully connected to server with description ServerDescription{address=cl1-shard-00-01-gtxku.mongodb.net:27017, type=REPLICA_SET_SECONDARY, state=CONNECTED, ok=true, version=ServerVersion{versionList=[4, 2, 3]}, minWireVersion=0, maxWireVersion=8, maxDocumentSize=16777216, logicalSessionTimeoutMinutes=30, roundTripTimeNanos=291120089, setName='CL1-shard-0', canonicalAddress=cl1-shard-00-01-gtxku.mongodb.net:27017, hosts=[cl1-shard-00-01-gtxku.mongodb.net:27017, cl1-shard-00-02-gtxku.mongodb.net:27017, cl1-shard-00-00-gtxku.mongodb.net:27017], passives=[], arbiters=[], primary='cl1-shard-00-02-gtxku.mongodb.net:27017', tagSet=TagSet{[Tag{name='region', value='US_EAST_1'}, Tag{name='provider', value='AWS'}, Tag{name='nodeType', value='ELECTABLE'}]}, electionId=null, setVersion=1, lastWriteDate=Thu Feb 13 06:30:22 EST 2020, lastUpdateTimeNanos=2246906597426}
2020-02-13 14:30:16.424  INFO 3246 --- [ngodb.net:27017] org.mongodb.driver.cluster               : Monitor thread successfully connected to server with description ServerDescription{address=cl1-shard-00-01-gtxku.mongodb.net:27017, type=REPLICA_SET_SECONDARY, state=CONNECTED, ok=true, version=ServerVersion{versionList=[4, 2, 3]}, minWireVersion=0, maxWireVersion=8, maxDocumentSize=16777216, logicalSessionTimeoutMinutes=30, roundTripTimeNanos=311777798, setName='CL1-shard-0', canonicalAddress=cl1-shard-00-01-gtxku.mongodb.net:27017, hosts=[cl1-shard-00-01-gtxku.mongodb.net:27017, cl1-shard-00-02-gtxku.mongodb.net:27017, cl1-shard-00-00-gtxku.mongodb.net:27017], passives=[], arbiters=[], primary='cl1-shard-00-02-gtxku.mongodb.net:27017', tagSet=TagSet{[Tag{name='region', value='US_EAST_1'}, Tag{name='provider', value='AWS'}, Tag{name='nodeType', value='ELECTABLE'}]}, electionId=null, setVersion=1, lastWriteDate=Thu Feb 13 06:30:22 EST 2020, lastUpdateTimeNanos=2249018978618}
2020-02-13 14:30:16.674  INFO 3246 --- [ngodb.net:27017] org.mongodb.driver.cluster               : Monitor thread successfully connected to server with description ServerDescription{address=cl1-shard-00-01-gtxku.mongodb.net:27017, type=REPLICA_SET_SECONDARY, state=CONNECTED, ok=true, version=ServerVersion{versionList=[4, 2, 3]}, minWireVersion=0, maxWireVersion=8, maxDocumentSize=16777216, logicalSessionTimeoutMinutes=30, roundTripTimeNanos=296396396, setName='CL1-shard-0', canonicalAddress=cl1-shard-00-01-gtxku.mongodb.net:27017, hosts=[cl1-shard-00-01-gtxku.mongodb.net:27017, cl1-shard-00-02-gtxku.mongodb.net:27017, cl1-shard-00-00-gtxku.mongodb.net:27017], passives=[], arbiters=[], primary='cl1-shard-00-02-gtxku.mongodb.net:27017', tagSet=TagSet{[Tag{name='region', value='US_EAST_1'}, Tag{name='provider', value='AWS'}, Tag{name='nodeType', value='ELECTABLE'}]}, electionId=null, setVersion=1, lastWriteDate=Thu Feb 13 06:30:22 EST 2020, lastUpdateTimeNanos=2249269515029}
2020-02-13 14:30:16.722  INFO 3246 --- [ngodb.net:27017] org.mongodb.driver.cluster               : Monitor thread successfully connected to server with description ServerDescription{address=cl1-shard-00-00-gtxku.mongodb.net:27017, type=REPLICA_SET_SECONDARY, state=CONNECTED, ok=true, version=ServerVersion{versionList=[4, 2, 3]}, minWireVersion=0, maxWireVersion=8, maxDocumentSize=16777216, logicalSessionTimeoutMinutes=30, roundTripTimeNanos=331059690, setName='CL1-shard-0', canonicalAddress=cl1-shard-00-00-gtxku.mongodb.net:27017, hosts=[cl1-shard-00-01-gtxku.mongodb.net:27017, cl1-shard-00-02-gtxku.mongodb.net:27017, cl1-shard-00-00-gtxku.mongodb.net:27017], passives=[], arbiters=[], primary='cl1-shard-00-02-gtxku.mongodb.net:27017', tagSet=TagSet{[Tag{name='nodeType', value='ELECTABLE'}, Tag{name='provider', value='AWS'}, Tag{name='region', value='US_EAST_1'}]}, electionId=null, setVersion=1, lastWriteDate=Thu Feb 13 06:30:22 EST 2020, lastUpdateTimeNanos=2249317020101}
2020-02-13 14:30:17.255  INFO 3246 --- [           main] org.mongodb.driver.connection            : Opened connection [connectionId{localValue:29, serverValue:80439}] to cl1-shard-00-02-gtxku.mongodb.net:27017
2020-02-13 14:30:17.599  INFO 3246 --- [ngodb.net:27017] org.mongodb.driver.cluster               : Monitor thread successfully connected to server with description ServerDescription{address=cl1-shard-00-00-gtxku.mongodb.net:27017, type=REPLICA_SET_SECONDARY, state=CONNECTED, ok=true, version=ServerVersion{versionList=[4, 2, 3]}, minWireVersion=0, maxWireVersion=8, maxDocumentSize=16777216, logicalSessionTimeoutMinutes=30, roundTripTimeNanos=307901424, setName='CL1-shard-0', canonicalAddress=cl1-shard-00-00-gtxku.mongodb.net:27017, hosts=[cl1-shard-00-01-gtxku.mongodb.net:27017, cl1-shard-00-02-gtxku.mongodb.net:27017, cl1-shard-00-00-gtxku.mongodb.net:27017], passives=[], arbiters=[], primary='cl1-shard-00-02-gtxku.mongodb.net:27017', tagSet=TagSet{[Tag{name='nodeType', value='ELECTABLE'}, Tag{name='provider', value='AWS'}, Tag{name='region', value='US_EAST_1'}]}, electionId=null, setVersion=1, lastWriteDate=Thu Feb 13 06:30:22 EST 2020, lastUpdateTimeNanos=2250193911360}
2020-02-13 14:30:17.602  INFO 3246 --- [ngodb.net:27017] org.mongodb.driver.cluster               : Monitor thread successfully connected to server with description ServerDescription{address=cl1-shard-00-01-gtxku.mongodb.net:27017, type=REPLICA_SET_SECONDARY, state=CONNECTED, ok=true, version=ServerVersion{versionList=[4, 2, 3]}, minWireVersion=0, maxWireVersion=8, maxDocumentSize=16777216, logicalSessionTimeoutMinutes=30, roundTripTimeNanos=309224879, setName='CL1-shard-0', canonicalAddress=cl1-shard-00-01-gtxku.mongodb.net:27017, hosts=[cl1-shard-00-01-gtxku.mongodb.net:27017, cl1-shard-00-02-gtxku.mongodb.net:27017, cl1-shard-00-00-gtxku.mongodb.net:27017], passives=[], arbiters=[], primary='cl1-shard-00-02-gtxku.mongodb.net:27017', tagSet=TagSet{[Tag{name='region', value='US_EAST_1'}, Tag{name='provider', value='AWS'}, Tag{name='nodeType', value='ELECTABLE'}]}, electionId=null, setVersion=1, lastWriteDate=Thu Feb 13 06:30:22 EST 2020, lastUpdateTimeNanos=2250196791597}
2020-02-13 14:30:17.644  INFO 3246 --- [ngodb.net:27017] org.mongodb.driver.cluster               : Monitor thread successfully connected to server with description ServerDescription{address=cl1-shard-00-00-gtxku.mongodb.net:27017, type=REPLICA_SET_SECONDARY, state=CONNECTED, ok=true, version=ServerVersion{versionList=[4, 2, 3]}, minWireVersion=0, maxWireVersion=8, maxDocumentSize=16777216, logicalSessionTimeoutMinutes=30, roundTripTimeNanos=297103509, setName='CL1-shard-0', canonicalAddress=cl1-shard-00-00-gtxku.mongodb.net:27017, hosts=[cl1-shard-00-01-gtxku.mongodb.net:27017, cl1-shard-00-02-gtxku.mongodb.net:27017, cl1-shard-00-00-gtxku.mongodb.net:27017], passives=[], arbiters=[], primary='cl1-shard-00-02-gtxku.mongodb.net:27017', tagSet=TagSet{[Tag{name='nodeType', value='ELECTABLE'}, Tag{name='provider', value='AWS'}, Tag{name='region', value='US_EAST_1'}]}, electionId=null, setVersion=1, lastWriteDate=Thu Feb 13 06:30:22 EST 2020, lastUpdateTimeNanos=2250238983591}
]]></system-out>
  </testcase>
</testsuite>